# JRE version: OpenJDK Runtime Environment Temurin-17.0.10+7 (17.0.10+7) (build 17.0.10+7)
# Java VM: OpenJDK 64-Bit Server VM Temurin-17.0.10+7 (17.0.10+7, mixed mode, emulated-client, tiered, compressed oops, compressed class ptrs, g1 gc, windows-amd64)
GC Precious Log:
 CPUs: 4 total, 4 available
 Memory: 8056M
 Large Page Support: Disabled
 NUMA Support: Disabled
 Compressed Oops: Enabled (32-bit)
 Heap Region Size: 1M
 Heap Min Capacity: 8M
 Heap Initial Capacity: 126M
 Heap Max Capacity: 2016M
 Pre-touch: Disabled
 Parallel Workers: 4
 Concurrent Workers: 1
 Concurrent Refinement Workers: 4
 Periodic GC: Disabled
Heap:
 garbage-first heap   total 96256K, used 34564K [0x0000000082000000, 0x0000000100000000)
  region size 1024K, 5 young (5120K), 5 survivors (5120K)
 Metaspace       used 90966K, committed 92032K, reserved 1179648K
  class space    used 12325K, committed 12736K, reserved 1048576K
GC Heap History (20 events):
Event: 75491.563 GC heap after
{Heap after GC invocations=99 (full 24):
 garbage-first heap   total 96256K, used 34567K [0x0000000082000000, 0x0000000100000000)
  region size 1024K, 0 young (0K), 0 survivors (0K)
 Metaspace       used 90769K, committed 91712K, reserved 1179648K
  class space    used 12307K, committed 12672K, reserved 1048576K
}
Event: 75491.932 GC heap before
{Heap before GC invocations=99 (full 24):
 garbage-first heap   total 96256K, used 73479K [0x0000000082000000, 0x0000000100000000)
  region size 1024K, 38 young (38912K), 0 survivors (0K)
 Metaspace       used 90805K, committed 91712K, reserved 1179648K
  class space    used 12313K, committed 12672K, reserved 1048576K
}
Event: 75491.937 GC heap after
{Heap after GC invocations=100 (full 24):
 garbage-first heap   total 96256K, used 37639K [0x0000000082000000, 0x0000000100000000)
  region size 1024K, 3 young (3072K), 3 survivors (3072K)
 Metaspace       used 90805K, committed 91712K, reserved 1179648K
  class space    used 12313K, committed 12672K, reserved 1048576K
}
Event: 75623.004 GC heap before
{Heap before GC invocations=100 (full 24):
 garbage-first heap   total 96256K, used 72455K [0x0000000082000000, 0x0000000100000000)
  region size 1024K, 38 young (38912K), 3 survivors (3072K)
 Metaspace       used 90983K, committed 91712K, reserved 1179648K
  class space    used 12326K, committed 12672K, reserved 1048576K
}
Event: 75623.079 GC heap after
{Heap after GC invocations=101 (full 25):
 garbage-first heap   total 96256K, used 32530K [0x0000000082000000, 0x0000000100000000)
  region size 1024K, 0 young (0K), 0 survivors (0K)
 Metaspace       used 90756K, committed 91584K, reserved 1179648K
  class space    used 12302K, committed 12672K, reserved 1048576K
}
Event: 75623.447 GC heap before
{Heap before GC invocations=101 (full 25):
 garbage-first heap   total 96256K, used 72466K [0x0000000082000000, 0x0000000100000000)
  region size 1024K, 39 young (39936K), 0 survivors (0K)
 Metaspace       used 90809K, committed 91584K, reserved 1179648K
  class space    used 12310K, committed 12672K, reserved 1048576K
}
Event: 75623.451 GC heap after
{Heap after GC invocations=102 (full 25):
 garbage-first heap   total 96256K, used 35602K [0x0000000082000000, 0x0000000100000000)
  region size 1024K, 3 young (3072K), 3 survivors (3072K)
 Metaspace       used 90809K, committed 91584K, reserved 1179648K
  class space    used 12310K, committed 12672K, reserved 1048576K
}
Event: 75737.777 GC heap before
{Heap before GC invocations=102 (full 25):
 garbage-first heap   total 96256K, used 68370K [0x0000000082000000, 0x0000000100000000)
  region size 1024K, 37 young (37888K), 3 survivors (3072K)
 Metaspace       used 90980K, committed 91712K, reserved 1179648K
  class space    used 12323K, committed 12672K, reserved 1048576K
}
Event: 75737.851 GC heap after
{Heap after GC invocations=103 (full 26):
 garbage-first heap   total 96256K, used 32608K [0x0000000082000000, 0x0000000100000000)
  region size 1024K, 0 young (0K), 0 survivors (0K)
 Metaspace       used 90779K, committed 91648K, reserved 1179648K
  class space    used 12306K, committed 12672K, reserved 1048576K
}
Event: 75738.212 GC heap before
{Heap before GC invocations=103 (full 26):
 garbage-first heap   total 96256K, used 73568K [0x0000000082000000, 0x0000000100000000)
  region size 1024K, 40 young (40960K), 0 survivors (0K)
 Metaspace       used 90813K, committed 91648K, reserved 1179648K
  class space    used 12311K, committed 12672K, reserved 1048576K
}
Event: 75738.216 GC heap after
{Heap after GC invocations=104 (full 26):
 garbage-first heap   total 96256K, used 35826K [0x0000000082000000, 0x0000000100000000)
  region size 1024K, 4 young (4096K), 4 survivors (4096K)
 Metaspace       used 90813K, committed 91648K, reserved 1179648K
  class space    used 12311K, committed 12672K, reserved 1048576K
}
Event: 75754.949 GC heap before
{Heap before GC invocations=104 (full 26):
 garbage-first heap   total 96256K, used 66546K [0x0000000082000000, 0x0000000100000000)
  region size 1024K, 35 young (35840K), 4 survivors (4096K)
 Metaspace       used 90973K, committed 91712K, reserved 1179648K
  class space    used 12321K, committed 12672K, reserved 1048576K
}
Event: 75755.019 GC heap after
{Heap after GC invocations=105 (full 27):
 garbage-first heap   total 96256K, used 32671K [0x0000000082000000, 0x0000000100000000)
  region size 1024K, 0 young (0K), 0 survivors (0K)
 Metaspace       used 90780K, committed 91648K, reserved 1179648K
  class space    used 12306K, committed 12672K, reserved 1048576K
}
Event: 75755.436 GC heap before
{Heap before GC invocations=105 (full 27):
 garbage-first heap   total 96256K, used 73631K [0x0000000082000000, 0x0000000100000000)
  region size 1024K, 41 young (41984K), 0 survivors (0K)
 Metaspace       used 90848K, committed 91648K, reserved 1179648K
  class space    used 12317K, committed 12672K, reserved 1048576K
}
Event: 75755.440 GC heap after
{Heap after GC invocations=106 (full 27):
 garbage-first heap   total 96256K, used 35891K [0x0000000082000000, 0x0000000100000000)
  region size 1024K, 4 young (4096K), 4 survivors (4096K)
 Metaspace       used 90848K, committed 91648K, reserved 1179648K
  class space    used 12317K, committed 12672K, reserved 1048576K
}
Event: 76120.690 GC heap before
{Heap before GC invocations=106 (full 27):
 garbage-first heap   total 96256K, used 74803K [0x0000000082000000, 0x0000000100000000)
  region size 1024K, 42 young (43008K), 4 survivors (4096K)
 Metaspace       used 91218K, committed 92032K, reserved 1179648K
  class space    used 12352K, committed 12736K, reserved 1048576K
}
Event: 76120.695 GC heap after
{Heap after GC invocations=107 (full 27):
 garbage-first heap   total 96256K, used 37369K [0x0000000082000000, 0x0000000100000000)
  region size 1024K, 5 young (5120K), 5 survivors (5120K)
 Metaspace       used 91218K, committed 92032K, reserved 1179648K
  class space    used 12352K, committed 12736K, reserved 1048576K
}
Event: 76120.701 GC heap before
{Heap before GC invocations=107 (full 27):
 garbage-first heap   total 96256K, used 37369K [0x0000000082000000, 0x0000000100000000)
  region size 1024K, 6 young (6144K), 5 survivors (5120K)
 Metaspace       used 91220K, committed 92032K, reserved 1179648K
  class space    used 12352K, committed 12736K, reserved 1048576K
}
Event: 76120.766 GC heap after
{Heap after GC invocations=108 (full 28):
 garbage-first heap   total 96256K, used 30064K [0x0000000082000000, 0x0000000100000000)
  region size 1024K, 0 young (0K), 0 survivors (0K)
 Metaspace       used 90915K, committed 92032K, reserved 1179648K
  class space    used 12317K, committed 12736K, reserved 1048576K
}
Event: 76121.203 GC heap before
{Heap before GC invocations=108 (full 28):
 garbage-first heap   total 96256K, used 73072K [0x0000000082000000, 0x0000000100000000)
  region size 1024K, 43 young (44032K), 0 survivors (0K)
 Metaspace       used 90966K, committed 92032K, reserved 1179648K
  class space    used 12325K, committed 12736K, reserved 1048576K
}

