# JRE version: OpenJDK Runtime Environment Temurin-17.0.10+7 (17.0.10+7) (build 17.0.10+7)
# Java VM: OpenJDK 64-Bit Server VM Temurin-17.0.10+7 (17.0.10+7, mixed mode, emulated-client, tiered, compressed oops, compressed class ptrs, g1 gc, windows-amd64)
GC Precious Log:
 CPUs: 4 total, 4 available
 Memory: 8056M
 Large Page Support: Disabled
 NUMA Support: Disabled
 Compressed Oops: Enabled (32-bit)
 Heap Region Size: 1M
 Heap Min Capacity: 8M
 Heap Initial Capacity: 126M
 Heap Max Capacity: 1G
 Pre-touch: Disabled
 Parallel Workers: 4
 Concurrent Workers: 1
 Concurrent Refinement Workers: 4
 Periodic GC: Disabled
Heap:
 garbage-first heap   total 89088K, used 37459K [0x00000000c0000000, 0x0000000100000000)
  region size 1024K, 1 young (1024K), 0 survivors (0K)
 Metaspace       used 61253K, committed 61696K, reserved 1114112K
  class space    used 7339K, committed 7488K, reserved 1048576K
GC Heap History (20 events):
Event: 22289.712 GC heap before
{Heap before GC invocations=2194 (full 2169):
 garbage-first heap   total 89088K, used 37459K [0x00000000c0000000, 0x0000000100000000)
  region size 1024K, 1 young (1024K), 0 survivors (0K)
 Metaspace       used 61253K, committed 61696K, reserved 1114112K
  class space    used 7339K, committed 7488K, reserved 1048576K
}
Event: 22289.748 GC heap after
{Heap after GC invocations=2195 (full 2170):
 garbage-first heap   total 89088K, used 37459K [0x00000000c0000000, 0x0000000100000000)
  region size 1024K, 0 young (0K), 0 survivors (0K)
 Metaspace       used 61253K, committed 61696K, reserved 1114112K
  class space    used 7339K, committed 7488K, reserved 1048576K
}
Event: 22299.892 GC heap before
{Heap before GC invocations=2195 (full 2170):
 garbage-first heap   total 89088K, used 37459K [0x00000000c0000000, 0x0000000100000000)
  region size 1024K, 1 young (1024K), 0 survivors (0K)
 Metaspace       used 61253K, committed 61696K, reserved 1114112K
  class space    used 7339K, committed 7488K, reserved 1048576K
}
Event: 22299.937 GC heap after
{Heap after GC invocations=2196 (full 2171):
 garbage-first heap   total 89088K, used 37459K [0x00000000c0000000, 0x0000000100000000)
  region size 1024K, 0 young (0K), 0 survivors (0K)
 Metaspace       used 61253K, committed 61696K, reserved 1114112K
  class space    used 7339K, committed 7488K, reserved 1048576K
}
Event: 22310.088 GC heap before
{Heap before GC invocations=2196 (full 2171):
 garbage-first heap   total 89088K, used 37459K [0x00000000c0000000, 0x0000000100000000)
  region size 1024K, 1 young (1024K), 0 survivors (0K)
 Metaspace       used 61253K, committed 61696K, reserved 1114112K
  class space    used 7339K, committed 7488K, reserved 1048576K
}
Event: 22310.135 GC heap after
{Heap after GC invocations=2197 (full 2172):
 garbage-first heap   total 89088K, used 37459K [0x00000000c0000000, 0x0000000100000000)
  region size 1024K, 0 young (0K), 0 survivors (0K)
 Metaspace       used 61253K, committed 61696K, reserved 1114112K
  class space    used 7339K, committed 7488K, reserved 1048576K
}
Event: 22320.275 GC heap before
{Heap before GC invocations=2197 (full 2172):
 garbage-first heap   total 89088K, used 37459K [0x00000000c0000000, 0x0000000100000000)
  region size 1024K, 1 young (1024K), 0 survivors (0K)
 Metaspace       used 61253K, committed 61696K, reserved 1114112K
  class space    used 7339K, committed 7488K, reserved 1048576K
}
Event: 22320.315 GC heap after
{Heap after GC invocations=2198 (full 2173):
 garbage-first heap   total 89088K, used 37459K [0x00000000c0000000, 0x0000000100000000)
  region size 1024K, 0 young (0K), 0 survivors (0K)
 Metaspace       used 61253K, committed 61696K, reserved 1114112K
  class space    used 7339K, committed 7488K, reserved 1048576K
}
Event: 22330.460 GC heap before
{Heap before GC invocations=2198 (full 2173):
 garbage-first heap   total 89088K, used 37459K [0x00000000c0000000, 0x0000000100000000)
  region size 1024K, 1 young (1024K), 0 survivors (0K)
 Metaspace       used 61253K, committed 61696K, reserved 1114112K
  class space    used 7339K, committed 7488K, reserved 1048576K
}
Event: 22330.504 GC heap after
{Heap after GC invocations=2199 (full 2174):
 garbage-first heap   total 89088K, used 37459K [0x00000000c0000000, 0x0000000100000000)
  region size 1024K, 0 young (0K), 0 survivors (0K)
 Metaspace       used 61253K, committed 61696K, reserved 1114112K
  class space    used 7339K, committed 7488K, reserved 1048576K
}
Event: 22340.643 GC heap before
{Heap before GC invocations=2199 (full 2174):
 garbage-first heap   total 89088K, used 37459K [0x00000000c0000000, 0x0000000100000000)
  region size 1024K, 1 young (1024K), 0 survivors (0K)
 Metaspace       used 61253K, committed 61696K, reserved 1114112K
  class space    used 7339K, committed 7488K, reserved 1048576K
}
Event: 22340.675 GC heap after
{Heap after GC invocations=2200 (full 2175):
 garbage-first heap   total 89088K, used 37459K [0x00000000c0000000, 0x0000000100000000)
  region size 1024K, 0 young (0K), 0 survivors (0K)
 Metaspace       used 61253K, committed 61696K, reserved 1114112K
  class space    used 7339K, committed 7488K, reserved 1048576K
}
Event: 22350.832 GC heap before
{Heap before GC invocations=2200 (full 2175):
 garbage-first heap   total 89088K, used 37459K [0x00000000c0000000, 0x0000000100000000)
  region size 1024K, 1 young (1024K), 0 survivors (0K)
 Metaspace       used 61253K, committed 61696K, reserved 1114112K
  class space    used 7339K, committed 7488K, reserved 1048576K
}
Event: 22350.867 GC heap after
{Heap after GC invocations=2201 (full 2176):
 garbage-first heap   total 89088K, used 37459K [0x00000000c0000000, 0x0000000100000000)
  region size 1024K, 0 young (0K), 0 survivors (0K)
 Metaspace       used 61253K, committed 61696K, reserved 1114112K
  class space    used 7339K, committed 7488K, reserved 1048576K
}
Event: 22361.284 GC heap before
{Heap before GC invocations=2201 (full 2176):
 garbage-first heap   total 89088K, used 37459K [0x00000000c0000000, 0x0000000100000000)
  region size 1024K, 1 young (1024K), 0 survivors (0K)
 Metaspace       used 61253K, committed 61696K, reserved 1114112K
  class space    used 7339K, committed 7488K, reserved 1048576K
}
Event: 22361.323 GC heap after
{Heap after GC invocations=2202 (full 2177):
 garbage-first heap   total 89088K, used 37459K [0x00000000c0000000, 0x0000000100000000)
  region size 1024K, 0 young (0K), 0 survivors (0K)
 Metaspace       used 61253K, committed 61696K, reserved 1114112K
  class space    used 7339K, committed 7488K, reserved 1048576K
}
Event: 22371.460 GC heap before
{Heap before GC invocations=2202 (full 2177):
 garbage-first heap   total 89088K, used 37459K [0x00000000c0000000, 0x0000000100000000)
  region size 1024K, 1 young (1024K), 0 survivors (0K)
 Metaspace       used 61253K, committed 61696K, reserved 1114112K
  class space    used 7339K, committed 7488K, reserved 1048576K
}
Event: 22371.491 GC heap after
{Heap after GC invocations=2203 (full 2178):
 garbage-first heap   total 89088K, used 37459K [0x00000000c0000000, 0x0000000100000000)
  region size 1024K, 0 young (0K), 0 survivors (0K)
 Metaspace       used 61253K, committed 61696K, reserved 1114112K
  class space    used 7339K, committed 7488K, reserved 1048576K
}
Event: 22381.714 GC heap before
{Heap before GC invocations=2203 (full 2178):
 garbage-first heap   total 89088K, used 37459K [0x00000000c0000000, 0x0000000100000000)
  region size 1024K, 1 young (1024K), 0 survivors (0K)
 Metaspace       used 61253K, committed 61696K, reserved 1114112K
  class space    used 7339K, committed 7488K, reserved 1048576K
}
Event: 22381.758 GC heap after
{Heap after GC invocations=2204 (full 2179):
 garbage-first heap   total 89088K, used 37459K [0x00000000c0000000, 0x0000000100000000)
  region size 1024K, 0 young (0K), 0 survivors (0K)
 Metaspace       used 61253K, committed 61696K, reserved 1114112K
  class space    used 7339K, committed 7488K, reserved 1048576K
}

