# JRE version: OpenJDK Runtime Environment Temurin-17.0.10+7 (17.0.10+7) (build 17.0.10+7)
# Java VM: OpenJDK 64-Bit Server VM Temurin-17.0.10+7 (17.0.10+7, mixed mode, emulated-client, tiered, compressed oops, compressed class ptrs, g1 gc, windows-amd64)
GC Precious Log:
 CPUs: 4 total, 4 available
 Memory: 8056M
 Large Page Support: Disabled
 NUMA Support: Disabled
 Compressed Oops: Enabled (32-bit)
 Heap Region Size: 1M
 Heap Min Capacity: 8M
 Heap Initial Capacity: 126M
 Heap Max Capacity: 2016M
 Pre-touch: Disabled
 Parallel Workers: 4
 Concurrent Workers: 1
 Concurrent Refinement Workers: 4
 Periodic GC: Disabled
Heap:
 garbage-first heap   total 80896K, used 24359K [0x0000000082000000, 0x0000000100000000)
  region size 1024K, 3 young (3072K), 3 survivors (3072K)
 Metaspace       used 55190K, committed 55680K, reserved 1114112K
  class space    used 7223K, committed 7424K, reserved 1048576K
GC Heap History (20 events):
Event: 0.853 GC heap after
{Heap after GC invocations=2 (full 0):
 garbage-first heap   total 129024K, used 9434K [0x0000000082000000, 0x0000000100000000)
  region size 1024K, 2 young (2048K), 2 survivors (2048K)
 Metaspace       used 15284K, committed 15488K, reserved 1114112K
  class space    used 1614K, committed 1728K, reserved 1048576K
}
Event: 1.244 GC heap before
{Heap before GC invocations=2 (full 0):
 garbage-first heap   total 129024K, used 30938K [0x0000000082000000, 0x0000000100000000)
  region size 1024K, 23 young (23552K), 2 survivors (2048K)
 Metaspace       used 19692K, committed 19968K, reserved 1114112K
  class space    used 2305K, committed 2432K, reserved 1048576K
}
Event: 1.247 GC heap after
{Heap after GC invocations=3 (full 0):
 garbage-first heap   total 129024K, used 11047K [0x0000000082000000, 0x0000000100000000)
  region size 1024K, 3 young (3072K), 3 survivors (3072K)
 Metaspace       used 19692K, committed 19968K, reserved 1114112K
  class space    used 2305K, committed 2432K, reserved 1048576K
}
Event: 1.288 GC heap before
{Heap before GC invocations=3 (full 0):
 garbage-first heap   total 129024K, used 16167K [0x0000000082000000, 0x0000000100000000)
  region size 1024K, 10 young (10240K), 3 survivors (3072K)
 Metaspace       used 21236K, committed 21504K, reserved 1114112K
  class space    used 2456K, committed 2624K, reserved 1048576K
}
Event: 1.292 GC heap after
{Heap after GC invocations=4 (full 0):
 garbage-first heap   total 129024K, used 11357K [0x0000000082000000, 0x0000000100000000)
  region size 1024K, 3 young (3072K), 3 survivors (3072K)
 Metaspace       used 21236K, committed 21504K, reserved 1114112K
  class space    used 2456K, committed 2624K, reserved 1048576K
}
Event: 1.551 GC heap before
{Heap before GC invocations=5 (full 0):
 garbage-first heap   total 45056K, used 34909K [0x0000000082000000, 0x0000000100000000)
  region size 1024K, 27 young (27648K), 3 survivors (3072K)
 Metaspace       used 26966K, committed 27328K, reserved 1114112K
  class space    used 3214K, committed 3392K, reserved 1048576K
}
Event: 1.556 GC heap after
{Heap after GC invocations=6 (full 0):
 garbage-first heap   total 45056K, used 13228K [0x0000000082000000, 0x0000000100000000)
  region size 1024K, 5 young (5120K), 5 survivors (5120K)
 Metaspace       used 26966K, committed 27328K, reserved 1114112K
  class space    used 3214K, committed 3392K, reserved 1048576K
}
Event: 1.564 GC heap before
{Heap before GC invocations=6 (full 0):
 garbage-first heap   total 45056K, used 14252K [0x0000000082000000, 0x0000000100000000)
  region size 1024K, 6 young (6144K), 5 survivors (5120K)
 Metaspace       used 27172K, committed 27520K, reserved 1114112K
  class space    used 3243K, committed 3392K, reserved 1048576K
}
Event: 1.569 GC heap after
{Heap after GC invocations=7 (full 0):
 garbage-first heap   total 45056K, used 13680K [0x0000000082000000, 0x0000000100000000)
  region size 1024K, 1 young (1024K), 1 survivors (1024K)
 Metaspace       used 27172K, committed 27520K, reserved 1114112K
  class space    used 3243K, committed 3392K, reserved 1048576K
}
Event: 1.783 GC heap before
{Heap before GC invocations=7 (full 0):
 garbage-first heap   total 45056K, used 29040K [0x0000000082000000, 0x0000000100000000)
  region size 1024K, 17 young (17408K), 1 survivors (1024K)
 Metaspace       used 29020K, committed 29312K, reserved 1114112K
  class space    used 3478K, committed 3584K, reserved 1048576K
}
Event: 1.786 GC heap after
{Heap after GC invocations=8 (full 0):
 garbage-first heap   total 90112K, used 15100K [0x0000000082000000, 0x0000000100000000)
  region size 1024K, 3 young (3072K), 3 survivors (3072K)
 Metaspace       used 29020K, committed 29312K, reserved 1114112K
  class space    used 3478K, committed 3584K, reserved 1048576K
}
Event: 2.610 GC heap before
{Heap before GC invocations=8 (full 0):
 garbage-first heap   total 90112K, used 60156K [0x0000000082000000, 0x0000000100000000)
  region size 1024K, 47 young (48128K), 3 survivors (3072K)
 Metaspace       used 34470K, committed 34880K, reserved 1114112K
  class space    used 4318K, committed 4544K, reserved 1048576K
}
Event: 2.617 GC heap after
{Heap after GC invocations=9 (full 0):
 garbage-first heap   total 90112K, used 18605K [0x0000000082000000, 0x0000000100000000)
  region size 1024K, 6 young (6144K), 6 survivors (6144K)
 Metaspace       used 34470K, committed 34880K, reserved 1114112K
  class space    used 4318K, committed 4544K, reserved 1048576K
}
Event: 2.781 GC heap before
{Heap before GC invocations=9 (full 0):
 garbage-first heap   total 90112K, used 28845K [0x0000000082000000, 0x0000000100000000)
  region size 1024K, 17 young (17408K), 6 survivors (6144K)
 Metaspace       used 35910K, committed 36288K, reserved 1114112K
  class space    used 4550K, committed 4736K, reserved 1048576K
}
Event: 2.789 GC heap after
{Heap after GC invocations=10 (full 0):
 garbage-first heap   total 90112K, used 19467K [0x0000000082000000, 0x0000000100000000)
  region size 1024K, 5 young (5120K), 5 survivors (5120K)
 Metaspace       used 35910K, committed 36288K, reserved 1114112K
  class space    used 4550K, committed 4736K, reserved 1048576K
}
Event: 3.482 GC heap before
{Heap before GC invocations=11 (full 0):
 garbage-first heap   total 75776K, used 59403K [0x0000000082000000, 0x0000000100000000)
  region size 1024K, 44 young (45056K), 5 survivors (5120K)
 Metaspace       used 43207K, committed 43712K, reserved 1114112K
  class space    used 5629K, committed 5888K, reserved 1048576K
}
Event: 3.490 GC heap after
{Heap after GC invocations=12 (full 0):
 garbage-first heap   total 75776K, used 21932K [0x0000000082000000, 0x0000000100000000)
  region size 1024K, 4 young (4096K), 4 survivors (4096K)
 Metaspace       used 43207K, committed 43712K, reserved 1114112K
  class space    used 5629K, committed 5888K, reserved 1048576K
}
Event: 3.513 GC heap before
{Heap before GC invocations=12 (full 0):
 garbage-first heap   total 75776K, used 22956K [0x0000000082000000, 0x0000000100000000)
  region size 1024K, 5 young (5120K), 4 survivors (4096K)
 Metaspace       used 43450K, committed 43968K, reserved 1114112K
  class space    used 5676K, committed 5952K, reserved 1048576K
}
Event: 3.517 GC heap after
{Heap after GC invocations=13 (full 0):
 garbage-first heap   total 75776K, used 21999K [0x0000000082000000, 0x0000000100000000)
  region size 1024K, 1 young (1024K), 1 survivors (1024K)
 Metaspace       used 43450K, committed 43968K, reserved 1114112K
  class space    used 5676K, committed 5952K, reserved 1048576K
}
Event: 4.405 GC heap before
{Heap before GC invocations=13 (full 0):
 garbage-first heap   total 75776K, used 56815K [0x0000000082000000, 0x0000000100000000)
  region size 1024K, 35 young (35840K), 1 survivors (1024K)
 Metaspace       used 55190K, committed 55680K, reserved 1114112K
  class space    used 7223K, committed 7424K, reserved 1048576K
}

