# JRE version: OpenJDK Runtime Environment Temurin-17.0.10+7 (17.0.10+7) (build 17.0.10+7)
# Java VM: OpenJDK 64-Bit Server VM Temurin-17.0.10+7 (17.0.10+7, mixed mode, emulated-client, tiered, compressed oops, compressed class ptrs, g1 gc, windows-amd64)
GC Precious Log:
 CPUs: 4 total, 4 available
 Memory: 8056M
 Large Page Support: Disabled
 NUMA Support: Disabled
 Compressed Oops: Enabled (32-bit)
 Heap Region Size: 1M
 Heap Min Capacity: 8M
 Heap Initial Capacity: 126M
 Heap Max Capacity: 2016M
 Pre-touch: Disabled
 Parallel Workers: 4
 Concurrent Workers: 1
 Concurrent Refinement Workers: 4
 Periodic GC: Disabled
Heap:
 garbage-first heap   total 70656K, used 39405K [0x0000000082000000, 0x0000000100000000)
  region size 1024K, 13 young (13312K), 4 survivors (4096K)
 Metaspace       used 71616K, committed 72128K, reserved 1114112K
  class space    used 9912K, committed 10176K, reserved 1048576K
GC Heap History (20 events):
Event: 2.117 GC heap before
{Heap before GC invocations=7 (full 0):
 garbage-first heap   total 48128K, used 33222K [0x0000000082000000, 0x0000000100000000)
  region size 1024K, 20 young (20480K), 3 survivors (3072K)
 Metaspace       used 30795K, committed 31104K, reserved 1114112K
  class space    used 3746K, committed 3904K, reserved 1048576K
}
Event: 2.121 GC heap after
{Heap after GC invocations=8 (full 0):
 garbage-first heap   total 58368K, used 17120K [0x0000000082000000, 0x0000000100000000)
  region size 1024K, 2 young (2048K), 2 survivors (2048K)
 Metaspace       used 30795K, committed 31104K, reserved 1114112K
  class space    used 3746K, committed 3904K, reserved 1048576K
}
Event: 2.637 GC heap before
{Heap before GC invocations=8 (full 0):
 garbage-first heap   total 58368K, used 41696K [0x0000000082000000, 0x0000000100000000)
  region size 1024K, 26 young (26624K), 2 survivors (2048K)
 Metaspace       used 34618K, committed 35008K, reserved 1114112K
  class space    used 4344K, committed 4544K, reserved 1048576K
}
Event: 2.642 GC heap after
{Heap after GC invocations=9 (full 0):
 garbage-first heap   total 58368K, used 19342K [0x0000000082000000, 0x0000000100000000)
  region size 1024K, 4 young (4096K), 4 survivors (4096K)
 Metaspace       used 34618K, committed 35008K, reserved 1114112K
  class space    used 4344K, committed 4544K, reserved 1048576K
}
Event: 2.787 GC heap before
{Heap before GC invocations=9 (full 0):
 garbage-first heap   total 58368K, used 28558K [0x0000000082000000, 0x0000000100000000)
  region size 1024K, 14 young (14336K), 4 survivors (4096K)
 Metaspace       used 36040K, committed 36416K, reserved 1114112K
  class space    used 4562K, committed 4736K, reserved 1048576K
}
Event: 2.792 GC heap after
{Heap after GC invocations=10 (full 0):
 garbage-first heap   total 58368K, used 20376K [0x0000000082000000, 0x0000000100000000)
  region size 1024K, 2 young (2048K), 2 survivors (2048K)
 Metaspace       used 36040K, committed 36416K, reserved 1114112K
  class space    used 4562K, committed 4736K, reserved 1048576K
}
Event: 3.142 GC heap before
{Heap before GC invocations=11 (full 0):
 garbage-first heap   total 58368K, used 42904K [0x0000000082000000, 0x0000000100000000)
  region size 1024K, 24 young (24576K), 2 survivors (2048K)
 Metaspace       used 39164K, committed 39616K, reserved 1114112K
  class space    used 4965K, committed 5184K, reserved 1048576K
}
Event: 3.145 GC heap after
{Heap after GC invocations=12 (full 0):
 garbage-first heap   total 58368K, used 21399K [0x0000000082000000, 0x0000000100000000)
  region size 1024K, 3 young (3072K), 3 survivors (3072K)
 Metaspace       used 39164K, committed 39616K, reserved 1114112K
  class space    used 4965K, committed 5184K, reserved 1048576K
}
Event: 3.550 GC heap before
{Heap before GC invocations=12 (full 0):
 garbage-first heap   total 58368K, used 42903K [0x0000000082000000, 0x0000000100000000)
  region size 1024K, 25 young (25600K), 3 survivors (3072K)
 Metaspace       used 44612K, committed 45120K, reserved 1114112K
  class space    used 5879K, committed 6144K, reserved 1048576K
}
Event: 3.555 GC heap after
{Heap after GC invocations=13 (full 0):
 garbage-first heap   total 58368K, used 22376K [0x0000000082000000, 0x0000000100000000)
  region size 1024K, 4 young (4096K), 4 survivors (4096K)
 Metaspace       used 44612K, committed 45120K, reserved 1114112K
  class space    used 5879K, committed 6144K, reserved 1048576K
}
Event: 4.097 GC heap before
{Heap before GC invocations=13 (full 0):
 garbage-first heap   total 58368K, used 42856K [0x0000000082000000, 0x0000000100000000)
  region size 1024K, 25 young (25600K), 4 survivors (4096K)
 Metaspace       used 53488K, committed 53888K, reserved 1114112K
  class space    used 6987K, committed 7168K, reserved 1048576K
}
Event: 4.103 GC heap after
{Heap after GC invocations=14 (full 0):
 garbage-first heap   total 58368K, used 24597K [0x0000000082000000, 0x0000000100000000)
  region size 1024K, 4 young (4096K), 4 survivors (4096K)
 Metaspace       used 53488K, committed 53888K, reserved 1114112K
  class space    used 6987K, committed 7168K, reserved 1048576K
}
Event: 4.400 GC heap before
{Heap before GC invocations=14 (full 0):
 garbage-first heap   total 58368K, used 44053K [0x0000000082000000, 0x0000000100000000)
  region size 1024K, 23 young (23552K), 4 survivors (4096K)
 Metaspace       used 57601K, committed 58176K, reserved 1114112K
  class space    used 7524K, committed 7808K, reserved 1048576K
}
Event: 4.405 GC heap after
{Heap after GC invocations=15 (full 0):
 garbage-first heap   total 70656K, used 26099K [0x0000000082000000, 0x0000000100000000)
  region size 1024K, 2 young (2048K), 2 survivors (2048K)
 Metaspace       used 57601K, committed 58176K, reserved 1114112K
  class space    used 7524K, committed 7808K, reserved 1048576K
}
Event: 4.586 GC heap before
{Heap before GC invocations=15 (full 0):
 garbage-first heap   total 70656K, used 33267K [0x0000000082000000, 0x0000000100000000)
  region size 1024K, 11 young (11264K), 2 survivors (2048K)
 Metaspace       used 60772K, committed 61248K, reserved 1114112K
  class space    used 8023K, committed 8256K, reserved 1048576K
}
Event: 4.589 GC heap after
{Heap after GC invocations=16 (full 0):
 garbage-first heap   total 70656K, used 26204K [0x0000000082000000, 0x0000000100000000)
  region size 1024K, 2 young (2048K), 2 survivors (2048K)
 Metaspace       used 60772K, committed 61248K, reserved 1114112K
  class space    used 8023K, committed 8256K, reserved 1048576K
}
Event: 5.165 GC heap before
{Heap before GC invocations=17 (full 0):
 garbage-first heap   total 70656K, used 54876K [0x0000000082000000, 0x0000000100000000)
  region size 1024K, 30 young (30720K), 2 survivors (2048K)
 Metaspace       used 66843K, committed 67456K, reserved 1114112K
  class space    used 8979K, committed 9280K, reserved 1048576K
}
Event: 5.170 GC heap after
{Heap after GC invocations=18 (full 0):
 garbage-first heap   total 70656K, used 27921K [0x0000000082000000, 0x0000000100000000)
  region size 1024K, 4 young (4096K), 4 survivors (4096K)
 Metaspace       used 66843K, committed 67456K, reserved 1114112K
  class space    used 8979K, committed 9280K, reserved 1048576K
}
Event: 5.536 GC heap before
{Heap before GC invocations=19 (full 0):
 garbage-first heap   total 70656K, used 55569K [0x0000000082000000, 0x0000000100000000)
  region size 1024K, 31 young (31744K), 4 survivors (4096K)
 Metaspace       used 71179K, committed 71680K, reserved 1114112K
  class space    used 9878K, committed 10112K, reserved 1048576K
}
Event: 5.544 GC heap after
{Heap after GC invocations=20 (full 0):
 garbage-first heap   total 70656K, used 31213K [0x0000000082000000, 0x0000000100000000)
  region size 1024K, 4 young (4096K), 4 survivors (4096K)
 Metaspace       used 71179K, committed 71680K, reserved 1114112K
  class space    used 9878K, committed 10112K, reserved 1048576K
}

